
> @growi/api@1.0.0 start:dev
> nest start --watch

[2J[3J[H[[90m5:50:44 PM[0m] Starting compilation in watch mode...

[[90m5:50:48 PM[0m] Found 0 errors. Watching for file changes.

(node:1480) [DEP0190] DeprecationWarning: Passing args to a child process with shell option true can lead to security vulnerabilities, as the arguments are not escaped, only concatenated.
(Use `node --trace-deprecation ...` to show where the warning was created)
[32m[Nest] 1489  - [39m10/13/2025, 5:50:50 PM [32m    LOG[39m [38;5;3m[NestFactory] [39m[32mStarting Nest application...[39m
[32m[Nest] 1489  - [39m10/13/2025, 5:50:50 PM [32m    LOG[39m [38;5;3m[InstanceLoader] [39m[32mAppModule dependencies initialized[39m[38;5;3m +20ms[39m
[32m[Nest] 1489  - [39m10/13/2025, 5:50:50 PM [32m    LOG[39m [38;5;3m[InstanceLoader] [39m[32mPassportModule dependencies initialized[39m[38;5;3m +0ms[39m
[32m[Nest] 1489  - [39m10/13/2025, 5:50:50 PM [32m    LOG[39m [38;5;3m[InstanceLoader] [39m[32mConfigHostModule dependencies initialized[39m[38;5;3m +1ms[39m
[32m[Nest] 1489  - [39m10/13/2025, 5:50:50 PM [32m    LOG[39m [38;5;3m[InstanceLoader] [39m[32mConfigModule dependencies initialized[39m[38;5;3m +0ms[39m
[32m[Nest] 1489  - [39m10/13/2025, 5:50:50 PM [32m    LOG[39m [38;5;3m[InstanceLoader] [39m[32mConfigModule dependencies initialized[39m[38;5;3m +0ms[39m
[32m[Nest] 1489  - [39m10/13/2025, 5:50:50 PM [32m    LOG[39m [38;5;3m[InstanceLoader] [39m[32mDatabaseModule dependencies initialized[39m[38;5;3m +50ms[39m
[32m[Nest] 1489  - [39m10/13/2025, 5:50:50 PM [32m    LOG[39m [38;5;3m[InstanceLoader] [39m[32mJwtModule dependencies initialized[39m[38;5;3m +13ms[39m
[32m[Nest] 1489  - [39m10/13/2025, 5:50:50 PM [32m    LOG[39m [38;5;3m[InstanceLoader] [39m[32mUsersModule dependencies initialized[39m[38;5;3m +0ms[39m
[32m[Nest] 1489  - [39m10/13/2025, 5:50:50 PM [32m    LOG[39m [38;5;3m[InstanceLoader] [39m[32mAdminModule dependencies initialized[39m[38;5;3m +1ms[39m
[32m[Nest] 1489  - [39m10/13/2025, 5:50:50 PM [32m    LOG[39m [38;5;3m[InstanceLoader] [39m[32mBlogModule dependencies initialized[39m[38;5;3m +0ms[39m
[32m[Nest] 1489  - [39m10/13/2025, 5:50:50 PM [32m    LOG[39m [38;5;3m[InstanceLoader] [39m[32mAuthModule dependencies initialized[39m[38;5;3m +0ms[39m
📚 Swagger documentation: http://localhost:3000/docs
[32m[Nest] 1489  - [39m10/13/2025, 5:50:50 PM [32m    LOG[39m [38;5;3m[RoutesResolver] [39m[32mAuthController {/api/v1/auth}:[39m[38;5;3m +91ms[39m
[32m[Nest] 1489  - [39m10/13/2025, 5:50:50 PM [32m    LOG[39m [38;5;3m[RouterExplorer] [39m[32mMapped {/api/v1/auth/register, POST} route[39m[38;5;3m +4ms[39m
[32m[Nest] 1489  - [39m10/13/2025, 5:50:50 PM [32m    LOG[39m [38;5;3m[RouterExplorer] [39m[32mMapped {/api/v1/auth/login, POST} route[39m[38;5;3m +0ms[39m
[32m[Nest] 1489  - [39m10/13/2025, 5:50:50 PM [32m    LOG[39m [38;5;3m[RouterExplorer] [39m[32mMapped {/api/v1/auth/refresh, POST} route[39m[38;5;3m +0ms[39m
[32m[Nest] 1489  - [39m10/13/2025, 5:50:50 PM [32m    LOG[39m [38;5;3m[RouterExplorer] [39m[32mMapped {/api/v1/auth/logout, POST} route[39m[38;5;3m +0ms[39m
[32m[Nest] 1489  - [39m10/13/2025, 5:50:50 PM [32m    LOG[39m [38;5;3m[RouterExplorer] [39m[32mMapped {/api/v1/auth/me, GET} route[39m[38;5;3m +1ms[39m
[32m[Nest] 1489  - [39m10/13/2025, 5:50:50 PM [32m    LOG[39m [38;5;3m[RouterExplorer] [39m[32mMapped {/api/v1/auth/request-password-reset, POST} route[39m[38;5;3m +0ms[39m
[32m[Nest] 1489  - [39m10/13/2025, 5:50:50 PM [32m    LOG[39m [38;5;3m[RouterExplorer] [39m[32mMapped {/api/v1/auth/reset-password, POST} route[39m[38;5;3m +1ms[39m
[32m[Nest] 1489  - [39m10/13/2025, 5:50:50 PM [32m    LOG[39m [38;5;3m[RoutesResolver] [39m[32mAdminUsersController {/api/v1/admin/users}:[39m[38;5;3m +0ms[39m
[32m[Nest] 1489  - [39m10/13/2025, 5:50:50 PM [32m    LOG[39m [38;5;3m[RouterExplorer] [39m[32mMapped {/api/v1/admin/users, GET} route[39m[38;5;3m +0ms[39m
[32m[Nest] 1489  - [39m10/13/2025, 5:50:50 PM [32m    LOG[39m [38;5;3m[RouterExplorer] [39m[32mMapped {/api/v1/admin/users/stats, GET} route[39m[38;5;3m +1ms[39m
[32m[Nest] 1489  - [39m10/13/2025, 5:50:50 PM [32m    LOG[39m [38;5;3m[RouterExplorer] [39m[32mMapped {/api/v1/admin/users/:id, GET} route[39m[38;5;3m +1ms[39m
[32m[Nest] 1489  - [39m10/13/2025, 5:50:50 PM [32m    LOG[39m [38;5;3m[RouterExplorer] [39m[32mMapped {/api/v1/admin/users, POST} route[39m[38;5;3m +0ms[39m
[32m[Nest] 1489  - [39m10/13/2025, 5:50:50 PM [32m    LOG[39m [38;5;3m[RouterExplorer] [39m[32mMapped {/api/v1/admin/users/:id, PATCH} route[39m[38;5;3m +0ms[39m
[32m[Nest] 1489  - [39m10/13/2025, 5:50:50 PM [32m    LOG[39m [38;5;3m[RouterExplorer] [39m[32mMapped {/api/v1/admin/users/:id/toggle-status, PATCH} route[39m[38;5;3m +0ms[39m
[32m[Nest] 1489  - [39m10/13/2025, 5:50:50 PM [32m    LOG[39m [38;5;3m[RouterExplorer] [39m[32mMapped {/api/v1/admin/users/:id/reset-password, POST} route[39m[38;5;3m +0ms[39m
[32m[Nest] 1489  - [39m10/13/2025, 5:50:50 PM [32m    LOG[39m [38;5;3m[RouterExplorer] [39m[32mMapped {/api/v1/admin/users/:id, DELETE} route[39m[38;5;3m +0ms[39m
[32m[Nest] 1489  - [39m10/13/2025, 5:50:50 PM [32m    LOG[39m [38;5;3m[RoutesResolver] [39m[32mBlogController {/api/v1/blog}:[39m[38;5;3m +1ms[39m
[32m[Nest] 1489  - [39m10/13/2025, 5:50:50 PM [32m    LOG[39m [38;5;3m[RouterExplorer] [39m[32mMapped {/api/v1/blog/articles, GET} route[39m[38;5;3m +0ms[39m
[32m[Nest] 1489  - [39m10/13/2025, 5:50:50 PM [32m    LOG[39m [38;5;3m[RouterExplorer] [39m[32mMapped {/api/v1/blog/articles/:slug, GET} route[39m[38;5;3m +0ms[39m
[32m[Nest] 1489  - [39m10/13/2025, 5:50:50 PM [32m    LOG[39m [38;5;3m[RouterExplorer] [39m[32mMapped {/api/v1/blog/categories, GET} route[39m[38;5;3m +0ms[39m
[32m[Nest] 1489  - [39m10/13/2025, 5:50:50 PM [32m    LOG[39m [38;5;3m[RouterExplorer] [39m[32mMapped {/api/v1/blog/categories/:slug, GET} route[39m[38;5;3m +0ms[39m
[32m[Nest] 1489  - [39m10/13/2025, 5:50:50 PM [32m    LOG[39m [38;5;3m[RouterExplorer] [39m[32mMapped {/api/v1/blog/tags, GET} route[39m[38;5;3m +0ms[39m
[32m[Nest] 1489  - [39m10/13/2025, 5:50:50 PM [32m    LOG[39m [38;5;3m[RouterExplorer] [39m[32mMapped {/api/v1/blog/authors/:slug, GET} route[39m[38;5;3m +0ms[39m
[32m[Nest] 1489  - [39m10/13/2025, 5:50:50 PM [32m    LOG[39m [38;5;3m[RouterExplorer] [39m[32mMapped {/api/v1/blog/authors/:slug/articles, GET} route[39m[38;5;3m +0ms[39m
[32m[Nest] 1489  - [39m10/13/2025, 5:50:50 PM [32m    LOG[39m [38;5;3m[RouterExplorer] [39m[32mMapped {/api/v1/blog/featured, GET} route[39m[38;5;3m +0ms[39m
[32m[Nest] 1489  - [39m10/13/2025, 5:50:50 PM [32m    LOG[39m [38;5;3m[RouterExplorer] [39m[32mMapped {/api/v1/blog/popular, GET} route[39m[38;5;3m +0ms[39m
[32m[Nest] 1489  - [39m10/13/2025, 5:50:50 PM [32m    LOG[39m [38;5;3m[RouterExplorer] [39m[32mMapped {/api/v1/blog/articles, POST} route[39m[38;5;3m +0ms[39m
[32m[Nest] 1489  - [39m10/13/2025, 5:50:50 PM [32m    LOG[39m [38;5;3m[RouterExplorer] [39m[32mMapped {/api/v1/blog/articles/:id, PUT} route[39m[38;5;3m +0ms[39m
[32m[Nest] 1489  - [39m10/13/2025, 5:50:50 PM [32m    LOG[39m [38;5;3m[RouterExplorer] [39m[32mMapped {/api/v1/blog/articles/:id/publish, PATCH} route[39m[38;5;3m +1ms[39m
[32m[Nest] 1489  - [39m10/13/2025, 5:50:50 PM [32m    LOG[39m [38;5;3m[RouterExplorer] [39m[32mMapped {/api/v1/blog/articles/:id, DELETE} route[39m[38;5;3m +0ms[39m
[32m[Nest] 1489  - [39m10/13/2025, 5:50:50 PM [32m    LOG[39m [38;5;3m[RouterExplorer] [39m[32mMapped {/api/v1/blog/categories, POST} route[39m[38;5;3m +0ms[39m
[32m[Nest] 1489  - [39m10/13/2025, 5:50:50 PM [32m    LOG[39m [38;5;3m[RouterExplorer] [39m[32mMapped {/api/v1/blog/categories/:id, PUT} route[39m[38;5;3m +0ms[39m
[32m[Nest] 1489  - [39m10/13/2025, 5:50:50 PM [32m    LOG[39m [38;5;3m[RouterExplorer] [39m[32mMapped {/api/v1/blog/categories/:id, DELETE} route[39m[38;5;3m +0ms[39m
[32m[Nest] 1489  - [39m10/13/2025, 5:50:50 PM [32m    LOG[39m [38;5;3m[RouterExplorer] [39m[32mMapped {/api/v1/blog/tags, POST} route[39m[38;5;3m +0ms[39m
[32m[Nest] 1489  - [39m10/13/2025, 5:50:50 PM [32m    LOG[39m [38;5;3m[RouterExplorer] [39m[32mMapped {/api/v1/blog/tags/:id, PUT} route[39m[38;5;3m +0ms[39m
[32m[Nest] 1489  - [39m10/13/2025, 5:50:50 PM [32m    LOG[39m [38;5;3m[RouterExplorer] [39m[32mMapped {/api/v1/blog/tags/:id, DELETE} route[39m[38;5;3m +0ms[39m
[31m[Nest] 1489  - [39m10/13/2025, 5:50:50 PM [31m  ERROR[39m [38;5;3m[RateLimitService] [39m[31mRedis Client Error[39m
[31m[Nest] 1489  - [39m10/13/2025, 5:50:50 PM [31m  ERROR[39m [38;5;3m[RateLimitService] [39m[31mAggregateError[39m
[32m[Nest] 1489  - [39m10/13/2025, 5:50:50 PM [32m    LOG[39m [38;5;3m[PrismaService] [39m[32m✅ Database connected successfully[39m
[32m[Nest] 1489  - [39m10/13/2025, 5:50:50 PM [32m    LOG[39m [38;5;3m[NestApplication] [39m[32mNest application successfully started[39m[38;5;3m +7ms[39m
🌱 Growi API is running on: http://localhost:3000
🌱 Environment: development
[31m[Nest] 1489  - [39m10/13/2025, 5:50:50 PM [31m  ERROR[39m [38;5;3m[RateLimitService] [39m[31mRedis Client Error[39m
[31m[Nest] 1489  - [39m10/13/2025, 5:50:50 PM [31m  ERROR[39m [38;5;3m[RateLimitService] [39m[31mAggregateError[39m
[31m[Nest] 1489  - [39m10/13/2025, 5:50:50 PM [31m  ERROR[39m [38;5;3m[RateLimitService] [39m[31mRedis Client Error[39m
[31m[Nest] 1489  - [39m10/13/2025, 5:50:50 PM [31m  ERROR[39m [38;5;3m[RateLimitService] [39m[31mAggregateError[39m
[31m[Nest] 1489  - [39m10/13/2025, 5:50:51 PM [31m  ERROR[39m [38;5;3m[RateLimitService] [39m[31mRedis Client Error[39m
[31m[Nest] 1489  - [39m10/13/2025, 5:50:51 PM [31m  ERROR[39m [38;5;3m[RateLimitService] [39m[31mAggregateError[39m
[31m[Nest] 1489  - [39m10/13/2025, 5:50:51 PM [31m  ERROR[39m [38;5;3m[RateLimitService] [39m[31mRedis Client Error[39m
[31m[Nest] 1489  - [39m10/13/2025, 5:50:51 PM [31m  ERROR[39m [38;5;3m[RateLimitService] [39m[31mAggregateError[39m
[31m[Nest] 1489  - [39m10/13/2025, 5:50:52 PM [31m  ERROR[39m [38;5;3m[RateLimitService] [39m[31mRedis Client Error[39m
[31m[Nest] 1489  - [39m10/13/2025, 5:50:52 PM [31m  ERROR[39m [38;5;3m[RateLimitService] [39m[31mAggregateError[39m
[31m[Nest] 1489  - [39m10/13/2025, 5:50:54 PM [31m  ERROR[39m [38;5;3m[RateLimitService] [39m[31mRedis Client Error[39m
[31m[Nest] 1489  - [39m10/13/2025, 5:50:54 PM [31m  ERROR[39m [38;5;3m[RateLimitService] [39m[31mAggregateError[39m
[31m[Nest] 1489  - [39m10/13/2025, 5:50:56 PM [31m  ERROR[39m [38;5;3m[RateLimitService] [39m[31mRedis Client Error[39m
[31m[Nest] 1489  - [39m10/13/2025, 5:50:56 PM [31m  ERROR[39m [38;5;3m[RateLimitService] [39m[31mAggregateError[39m
[31m[Nest] 1489  - [39m10/13/2025, 5:50:58 PM [31m  ERROR[39m [38;5;3m[RateLimitService] [39m[31mRedis Client Error[39m
[31m[Nest] 1489  - [39m10/13/2025, 5:50:58 PM [31m  ERROR[39m [38;5;3m[RateLimitService] [39m[31mAggregateError[39m
[31m[Nest] 1489  - [39m10/13/2025, 5:51:00 PM [31m  ERROR[39m [38;5;3m[RateLimitService] [39m[31mRedis Client Error[39m
[31m[Nest] 1489  - [39m10/13/2025, 5:51:00 PM [31m  ERROR[39m [38;5;3m[RateLimitService] [39m[31mAggregateError[39m
[31m[Nest] 1489  - [39m10/13/2025, 5:51:02 PM [31m  ERROR[39m [38;5;3m[RateLimitService] [39m[31mRedis Client Error[39m
[31m[Nest] 1489  - [39m10/13/2025, 5:51:02 PM [31m  ERROR[39m [38;5;3m[RateLimitService] [39m[31mAggregateError[39m
[31m[Nest] 1489  - [39m10/13/2025, 5:51:04 PM [31m  ERROR[39m [38;5;3m[RateLimitService] [39m[31mRedis Client Error[39m
[31m[Nest] 1489  - [39m10/13/2025, 5:51:04 PM [31m  ERROR[39m [38;5;3m[RateLimitService] [39m[31mAggregateError[39m
[31m[Nest] 1489  - [39m10/13/2025, 5:51:06 PM [31m  ERROR[39m [38;5;3m[RateLimitService] [39m[31mRedis Client Error[39m
[31m[Nest] 1489  - [39m10/13/2025, 5:51:06 PM [31m  ERROR[39m [38;5;3m[RateLimitService] [39m[31mAggregateError[39m
[31m[Nest] 1489  - [39m10/13/2025, 5:51:08 PM [31m  ERROR[39m [38;5;3m[RateLimitService] [39m[31mRedis Client Error[39m
[31m[Nest] 1489  - [39m10/13/2025, 5:51:08 PM [31m  ERROR[39m [38;5;3m[RateLimitService] [39m[31mAggregateError[39m
[31m[Nest] 1489  - [39m10/13/2025, 5:51:10 PM [31m  ERROR[39m [38;5;3m[RateLimitService] [39m[31mRedis Client Error[39m
[31m[Nest] 1489  - [39m10/13/2025, 5:51:10 PM [31m  ERROR[39m [38;5;3m[RateLimitService] [39m[31mAggregateError[39m
[31m[Nest] 1489  - [39m10/13/2025, 5:51:12 PM [31m  ERROR[39m [38;5;3m[RateLimitService] [39m[31mRedis Client Error[39m
[31m[Nest] 1489  - [39m10/13/2025, 5:51:12 PM [31m  ERROR[39m [38;5;3m[RateLimitService] [39m[31mAggregateError[39m
[31m[Nest] 1489  - [39m10/13/2025, 5:51:14 PM [31m  ERROR[39m [38;5;3m[RateLimitService] [39m[31mRedis Client Error[39m
[31m[Nest] 1489  - [39m10/13/2025, 5:51:14 PM [31m  ERROR[39m [38;5;3m[RateLimitService] [39m[31mAggregateError[39m
[31m[Nest] 1489  - [39m10/13/2025, 5:51:17 PM [31m  ERROR[39m [38;5;3m[RateLimitService] [39m[31mRedis Client Error[39m
[31m[Nest] 1489  - [39m10/13/2025, 5:51:17 PM [31m  ERROR[39m [38;5;3m[RateLimitService] [39m[31mAggregateError[39m
[31m[Nest] 1489  - [39m10/13/2025, 5:51:19 PM [31m  ERROR[39m [38;5;3m[RateLimitService] [39m[31mRedis Client Error[39m
[31m[Nest] 1489  - [39m10/13/2025, 5:51:19 PM [31m  ERROR[39m [38;5;3m[RateLimitService] [39m[31mAggregateError[39m
[31m[Nest] 1489  - [39m10/13/2025, 5:51:21 PM [31m  ERROR[39m [38;5;3m[RateLimitService] [39m[31mRedis Client Error[39m
[31m[Nest] 1489  - [39m10/13/2025, 5:51:21 PM [31m  ERROR[39m [38;5;3m[RateLimitService] [39m[31mAggregateError[39m
[31m[Nest] 1489  - [39m10/13/2025, 5:51:23 PM [31m  ERROR[39m [38;5;3m[RateLimitService] [39m[31mRedis Client Error[39m
[31m[Nest] 1489  - [39m10/13/2025, 5:51:23 PM [31m  ERROR[39m [38;5;3m[RateLimitService] [39m[31mAggregateError[39m
[31m[Nest] 1489  - [39m10/13/2025, 5:51:25 PM [31m  ERROR[39m [38;5;3m[RateLimitService] [39m[31mRedis Client Error[39m
[31m[Nest] 1489  - [39m10/13/2025, 5:51:25 PM [31m  ERROR[39m [38;5;3m[RateLimitService] [39m[31mAggregateError[39m
[31m[Nest] 1489  - [39m10/13/2025, 5:51:27 PM [31m  ERROR[39m [38;5;3m[RateLimitService] [39m[31mRedis Client Error[39m
[31m[Nest] 1489  - [39m10/13/2025, 5:51:27 PM [31m  ERROR[39m [38;5;3m[RateLimitService] [39m[31mAggregateError[39m
[31m[Nest] 1489  - [39m10/13/2025, 5:51:29 PM [31m  ERROR[39m [38;5;3m[RateLimitService] [39m[31mRedis Client Error[39m
[31m[Nest] 1489  - [39m10/13/2025, 5:51:29 PM [31m  ERROR[39m [38;5;3m[RateLimitService] [39m[31mAggregateError[39m
[31m[Nest] 1489  - [39m10/13/2025, 5:51:31 PM [31m  ERROR[39m [38;5;3m[RateLimitService] [39m[31mRedis Client Error[39m
[31m[Nest] 1489  - [39m10/13/2025, 5:51:31 PM [31m  ERROR[39m [38;5;3m[RateLimitService] [39m[31mAggregateError[39m
[31m[Nest] 1489  - [39m10/13/2025, 5:51:34 PM [31m  ERROR[39m [38;5;3m[RateLimitService] [39m[31mRedis Client Error[39m
[31m[Nest] 1489  - [39m10/13/2025, 5:51:34 PM [31m  ERROR[39m [38;5;3m[RateLimitService] [39m[31mAggregateError[39m
[31m[Nest] 1489  - [39m10/13/2025, 5:51:36 PM [31m  ERROR[39m [38;5;3m[RateLimitService] [39m[31mRedis Client Error[39m
[31m[Nest] 1489  - [39m10/13/2025, 5:51:36 PM [31m  ERROR[39m [38;5;3m[RateLimitService] [39m[31mAggregateError[39m
[31m[Nest] 1489  - [39m10/13/2025, 5:51:38 PM [31m  ERROR[39m [38;5;3m[RateLimitService] [39m[31mRedis Client Error[39m
[31m[Nest] 1489  - [39m10/13/2025, 5:51:38 PM [31m  ERROR[39m [38;5;3m[RateLimitService] [39m[31mAggregateError[39m
[31m[Nest] 1489  - [39m10/13/2025, 5:51:40 PM [31m  ERROR[39m [38;5;3m[RateLimitService] [39m[31mRedis Client Error[39m
[31m[Nest] 1489  - [39m10/13/2025, 5:51:40 PM [31m  ERROR[39m [38;5;3m[RateLimitService] [39m[31mAggregateError[39m
[31m[Nest] 1489  - [39m10/13/2025, 5:51:42 PM [31m  ERROR[39m [38;5;3m[RateLimitService] [39m[31mRedis Client Error[39m
[31m[Nest] 1489  - [39m10/13/2025, 5:51:42 PM [31m  ERROR[39m [38;5;3m[RateLimitService] [39m[31mAggregateError[39m
[31m[Nest] 1489  - [39m10/13/2025, 5:51:44 PM [31m  ERROR[39m [38;5;3m[RateLimitService] [39m[31mRedis Client Error[39m
[31m[Nest] 1489  - [39m10/13/2025, 5:51:44 PM [31m  ERROR[39m [38;5;3m[RateLimitService] [39m[31mAggregateError[39m
[31m[Nest] 1489  - [39m10/13/2025, 5:51:46 PM [31m  ERROR[39m [38;5;3m[RateLimitService] [39m[31mRedis Client Error[39m
[31m[Nest] 1489  - [39m10/13/2025, 5:51:46 PM [31m  ERROR[39m [38;5;3m[RateLimitService] [39m[31mAggregateError[39m
[31m[Nest] 1489  - [39m10/13/2025, 5:51:48 PM [31m  ERROR[39m [38;5;3m[RateLimitService] [39m[31mRedis Client Error[39m
[31m[Nest] 1489  - [39m10/13/2025, 5:51:48 PM [31m  ERROR[39m [38;5;3m[RateLimitService] [39m[31mAggregateError[39m
[31m[Nest] 1489  - [39m10/13/2025, 5:51:50 PM [31m  ERROR[39m [38;5;3m[RateLimitService] [39m[31mRedis Client Error[39m
[31m[Nest] 1489  - [39m10/13/2025, 5:51:50 PM [31m  ERROR[39m [38;5;3m[RateLimitService] [39m[31mAggregateError[39m
[31m[Nest] 1489  - [39m10/13/2025, 5:51:53 PM [31m  ERROR[39m [38;5;3m[RateLimitService] [39m[31mRedis Client Error[39m
[31m[Nest] 1489  - [39m10/13/2025, 5:51:53 PM [31m  ERROR[39m [38;5;3m[RateLimitService] [39m[31mAggregateError[39m
[31m[Nest] 1489  - [39m10/13/2025, 5:51:55 PM [31m  ERROR[39m [38;5;3m[RateLimitService] [39m[31mRedis Client Error[39m
[31m[Nest] 1489  - [39m10/13/2025, 5:51:55 PM [31m  ERROR[39m [38;5;3m[RateLimitService] [39m[31mAggregateError[39m
[31m[Nest] 1489  - [39m10/13/2025, 5:51:57 PM [31m  ERROR[39m [38;5;3m[RateLimitService] [39m[31mRedis Client Error[39m
[31m[Nest] 1489  - [39m10/13/2025, 5:51:57 PM [31m  ERROR[39m [38;5;3m[RateLimitService] [39m[31mAggregateError[39m
[31m[Nest] 1489  - [39m10/13/2025, 5:51:59 PM [31m  ERROR[39m [38;5;3m[RateLimitService] [39m[31mRedis Client Error[39m
[31m[Nest] 1489  - [39m10/13/2025, 5:51:59 PM [31m  ERROR[39m [38;5;3m[RateLimitService] [39m[31mAggregateError[39m
[31m[Nest] 1489  - [39m10/13/2025, 5:52:01 PM [31m  ERROR[39m [38;5;3m[RateLimitService] [39m[31mRedis Client Error[39m
[31m[Nest] 1489  - [39m10/13/2025, 5:52:01 PM [31m  ERROR[39m [38;5;3m[RateLimitService] [39m[31mAggregateError[39m
[31m[Nest] 1489  - [39m10/13/2025, 5:52:03 PM [31m  ERROR[39m [38;5;3m[RateLimitService] [39m[31mRedis Client Error[39m
[31m[Nest] 1489  - [39m10/13/2025, 5:52:03 PM [31m  ERROR[39m [38;5;3m[RateLimitService] [39m[31mAggregateError[39m
[31m[Nest] 1489  - [39m10/13/2025, 5:52:05 PM [31m  ERROR[39m [38;5;3m[RateLimitService] [39m[31mRedis Client Error[39m
[31m[Nest] 1489  - [39m10/13/2025, 5:52:05 PM [31m  ERROR[39m [38;5;3m[RateLimitService] [39m[31mAggregateError[39m
[31m[Nest] 1489  - [39m10/13/2025, 5:52:08 PM [31m  ERROR[39m [38;5;3m[RateLimitService] [39m[31mRedis Client Error[39m
[31m[Nest] 1489  - [39m10/13/2025, 5:52:08 PM [31m  ERROR[39m [38;5;3m[RateLimitService] [39m[31mAggregateError[39m
[31m[Nest] 1489  - [39m10/13/2025, 5:52:10 PM [31m  ERROR[39m [38;5;3m[RateLimitService] [39m[31mRedis Client Error[39m
[31m[Nest] 1489  - [39m10/13/2025, 5:52:10 PM [31m  ERROR[39m [38;5;3m[RateLimitService] [39m[31mAggregateError[39m
[31m[Nest] 1489  - [39m10/13/2025, 5:52:12 PM [31m  ERROR[39m [38;5;3m[RateLimitService] [39m[31mRedis Client Error[39m
[31m[Nest] 1489  - [39m10/13/2025, 5:52:12 PM [31m  ERROR[39m [38;5;3m[RateLimitService] [39m[31mAggregateError[39m
[31m[Nest] 1489  - [39m10/13/2025, 5:52:14 PM [31m  ERROR[39m [38;5;3m[RateLimitService] [39m[31mRedis Client Error[39m
[31m[Nest] 1489  - [39m10/13/2025, 5:52:14 PM [31m  ERROR[39m [38;5;3m[RateLimitService] [39m[31mAggregateError[39m
[31m[Nest] 1489  - [39m10/13/2025, 5:52:16 PM [31m  ERROR[39m [38;5;3m[RateLimitService] [39m[31mRedis Client Error[39m
[31m[Nest] 1489  - [39m10/13/2025, 5:52:16 PM [31m  ERROR[39m [38;5;3m[RateLimitService] [39m[31mAggregateError[39m
[31m[Nest] 1489  - [39m10/13/2025, 5:52:18 PM [31m  ERROR[39m [38;5;3m[RateLimitService] [39m[31mRedis Client Error[39m
[31m[Nest] 1489  - [39m10/13/2025, 5:52:18 PM [31m  ERROR[39m [38;5;3m[RateLimitService] [39m[31mAggregateError[39m
[31m[Nest] 1489  - [39m10/13/2025, 5:52:20 PM [31m  ERROR[39m [38;5;3m[RateLimitService] [39m[31mRedis Client Error[39m
[31m[Nest] 1489  - [39m10/13/2025, 5:52:20 PM [31m  ERROR[39m [38;5;3m[RateLimitService] [39m[31mAggregateError[39m
[31m[Nest] 1489  - [39m10/13/2025, 5:52:22 PM [31m  ERROR[39m [38;5;3m[RateLimitService] [39m[31mRedis Client Error[39m
[31m[Nest] 1489  - [39m10/13/2025, 5:52:22 PM [31m  ERROR[39m [38;5;3m[RateLimitService] [39m[31mAggregateError[39m
[31m[Nest] 1489  - [39m10/13/2025, 5:52:24 PM [31m  ERROR[39m [38;5;3m[RateLimitService] [39m[31mRedis Client Error[39m
[31m[Nest] 1489  - [39m10/13/2025, 5:52:24 PM [31m  ERROR[39m [38;5;3m[RateLimitService] [39m[31mAggregateError[39m
[31m[Nest] 1489  - [39m10/13/2025, 5:52:26 PM [31m  ERROR[39m [38;5;3m[RateLimitService] [39m[31mRedis Client Error[39m
[31m[Nest] 1489  - [39m10/13/2025, 5:52:26 PM [31m  ERROR[39m [38;5;3m[RateLimitService] [39m[31mAggregateError[39m
[31m[Nest] 1489  - [39m10/13/2025, 5:52:29 PM [31m  ERROR[39m [38;5;3m[RateLimitService] [39m[31mRedis Client Error[39m
[31m[Nest] 1489  - [39m10/13/2025, 5:52:29 PM [31m  ERROR[39m [38;5;3m[RateLimitService] [39m[31mAggregateError[39m
[31m[Nest] 1489  - [39m10/13/2025, 5:52:31 PM [31m  ERROR[39m [38;5;3m[RateLimitService] [39m[31mRedis Client Error[39m
[31m[Nest] 1489  - [39m10/13/2025, 5:52:31 PM [31m  ERROR[39m [38;5;3m[RateLimitService] [39m[31mAggregateError[39m
[31m[Nest] 1489  - [39m10/13/2025, 5:52:33 PM [31m  ERROR[39m [38;5;3m[RateLimitService] [39m[31mRedis Client Error[39m
[31m[Nest] 1489  - [39m10/13/2025, 5:52:33 PM [31m  ERROR[39m [38;5;3m[RateLimitService] [39m[31mAggregateError[39m
[31m[Nest] 1489  - [39m10/13/2025, 5:52:35 PM [31m  ERROR[39m [38;5;3m[RateLimitService] [39m[31mRedis Client Error[39m
[31m[Nest] 1489  - [39m10/13/2025, 5:52:35 PM [31m  ERROR[39m [38;5;3m[RateLimitService] [39m[31mAggregateError[39m
[31m[Nest] 1489  - [39m10/13/2025, 5:52:37 PM [31m  ERROR[39m [38;5;3m[RateLimitService] [39m[31mRedis Client Error[39m
[31m[Nest] 1489  - [39m10/13/2025, 5:52:37 PM [31m  ERROR[39m [38;5;3m[RateLimitService] [39m[31mAggregateError[39m
[31m[Nest] 1489  - [39m10/13/2025, 5:52:39 PM [31m  ERROR[39m [38;5;3m[RateLimitService] [39m[31mRedis Client Error[39m
[31m[Nest] 1489  - [39m10/13/2025, 5:52:39 PM [31m  ERROR[39m [38;5;3m[RateLimitService] [39m[31mAggregateError[39m
[31m[Nest] 1489  - [39m10/13/2025, 5:52:41 PM [31m  ERROR[39m [38;5;3m[RateLimitService] [39m[31mRedis Client Error[39m
[31m[Nest] 1489  - [39m10/13/2025, 5:52:41 PM [31m  ERROR[39m [38;5;3m[RateLimitService] [39m[31mAggregateError[39m
[31m[Nest] 1489  - [39m10/13/2025, 5:52:43 PM [31m  ERROR[39m [38;5;3m[RateLimitService] [39m[31mRedis Client Error[39m
[31m[Nest] 1489  - [39m10/13/2025, 5:52:43 PM [31m  ERROR[39m [38;5;3m[RateLimitService] [39m[31mAggregateError[39m
[31m[Nest] 1489  - [39m10/13/2025, 5:52:45 PM [31m  ERROR[39m [38;5;3m[RateLimitService] [39m[31mRedis Client Error[39m
[31m[Nest] 1489  - [39m10/13/2025, 5:52:45 PM [31m  ERROR[39m [38;5;3m[RateLimitService] [39m[31mAggregateError[39m
[31m[Nest] 1489  - [39m10/13/2025, 5:52:47 PM [31m  ERROR[39m [38;5;3m[RateLimitService] [39m[31mRedis Client Error[39m
[31m[Nest] 1489  - [39m10/13/2025, 5:52:47 PM [31m  ERROR[39m [38;5;3m[RateLimitService] [39m[31mAggregateError[39m
[31m[Nest] 1489  - [39m10/13/2025, 5:52:49 PM [31m  ERROR[39m [38;5;3m[RateLimitService] [39m[31mRedis Client Error[39m
[31m[Nest] 1489  - [39m10/13/2025, 5:52:49 PM [31m  ERROR[39m [38;5;3m[RateLimitService] [39m[31mAggregateError[39m
[31m[Nest] 1489  - [39m10/13/2025, 5:52:52 PM [31m  ERROR[39m [38;5;3m[RateLimitService] [39m[31mRedis Client Error[39m
[31m[Nest] 1489  - [39m10/13/2025, 5:52:52 PM [31m  ERROR[39m [38;5;3m[RateLimitService] [39m[31mAggregateError[39m
[31m[Nest] 1489  - [39m10/13/2025, 5:52:54 PM [31m  ERROR[39m [38;5;3m[RateLimitService] [39m[31mRedis Client Error[39m
[31m[Nest] 1489  - [39m10/13/2025, 5:52:54 PM [31m  ERROR[39m [38;5;3m[RateLimitService] [39m[31mAggregateError[39m
[31m[Nest] 1489  - [39m10/13/2025, 5:52:56 PM [31m  ERROR[39m [38;5;3m[RateLimitService] [39m[31mRedis Client Error[39m
[31m[Nest] 1489  - [39m10/13/2025, 5:52:56 PM [31m  ERROR[39m [38;5;3m[RateLimitService] [39m[31mAggregateError[39m
[31m[Nest] 1489  - [39m10/13/2025, 5:52:58 PM [31m  ERROR[39m [38;5;3m[RateLimitService] [39m[31mRedis Client Error[39m
[31m[Nest] 1489  - [39m10/13/2025, 5:52:58 PM [31m  ERROR[39m [38;5;3m[RateLimitService] [39m[31mAggregateError[39m
[31m[Nest] 1489  - [39m10/13/2025, 5:53:00 PM [31m  ERROR[39m [38;5;3m[RateLimitService] [39m[31mRedis Client Error[39m
[31m[Nest] 1489  - [39m10/13/2025, 5:53:00 PM [31m  ERROR[39m [38;5;3m[RateLimitService] [39m[31mAggregateError[39m
[31m[Nest] 1489  - [39m10/13/2025, 5:53:02 PM [31m  ERROR[39m [38;5;3m[RateLimitService] [39m[31mRedis Client Error[39m
[31m[Nest] 1489  - [39m10/13/2025, 5:53:02 PM [31m  ERROR[39m [38;5;3m[RateLimitService] [39m[31mAggregateError[39m
[31m[Nest] 1489  - [39m10/13/2025, 5:53:04 PM [31m  ERROR[39m [38;5;3m[RateLimitService] [39m[31mRedis Client Error[39m
[31m[Nest] 1489  - [39m10/13/2025, 5:53:04 PM [31m  ERROR[39m [38;5;3m[RateLimitService] [39m[31mAggregateError[39m
[31m[Nest] 1489  - [39m10/13/2025, 5:53:06 PM [31m  ERROR[39m [38;5;3m[RateLimitService] [39m[31mRedis Client Error[39m
[31m[Nest] 1489  - [39m10/13/2025, 5:53:06 PM [31m  ERROR[39m [38;5;3m[RateLimitService] [39m[31mAggregateError[39m
[31m[Nest] 1489  - [39m10/13/2025, 5:53:08 PM [31m  ERROR[39m [38;5;3m[RateLimitService] [39m[31mRedis Client Error[39m
[31m[Nest] 1489  - [39m10/13/2025, 5:53:08 PM [31m  ERROR[39m [38;5;3m[RateLimitService] [39m[31mAggregateError[39m
[31m[Nest] 1489  - [39m10/13/2025, 5:53:11 PM [31m  ERROR[39m [38;5;3m[RateLimitService] [39m[31mRedis Client Error[39m
[31m[Nest] 1489  - [39m10/13/2025, 5:53:11 PM [31m  ERROR[39m [38;5;3m[RateLimitService] [39m[31mAggregateError[39m
[31m[Nest] 1489  - [39m10/13/2025, 5:53:13 PM [31m  ERROR[39m [38;5;3m[RateLimitService] [39m[31mRedis Client Error[39m
[31m[Nest] 1489  - [39m10/13/2025, 5:53:13 PM [31m  ERROR[39m [38;5;3m[RateLimitService] [39m[31mAggregateError[39m
[31m[Nest] 1489  - [39m10/13/2025, 5:53:15 PM [31m  ERROR[39m [38;5;3m[RateLimitService] [39m[31mRedis Client Error[39m
[31m[Nest] 1489  - [39m10/13/2025, 5:53:15 PM [31m  ERROR[39m [38;5;3m[RateLimitService] [39m[31mAggregateError[39m
[31m[Nest] 1489  - [39m10/13/2025, 5:53:17 PM [31m  ERROR[39m [38;5;3m[RateLimitService] [39m[31mRedis Client Error[39m
[31m[Nest] 1489  - [39m10/13/2025, 5:53:17 PM [31m  ERROR[39m [38;5;3m[RateLimitService] [39m[31mAggregateError[39m
[31m[Nest] 1489  - [39m10/13/2025, 5:53:19 PM [31m  ERROR[39m [38;5;3m[RateLimitService] [39m[31mRedis Client Error[39m
[31m[Nest] 1489  - [39m10/13/2025, 5:53:19 PM [31m  ERROR[39m [38;5;3m[RateLimitService] [39m[31mAggregateError[39m
[31m[Nest] 1489  - [39m10/13/2025, 5:53:21 PM [31m  ERROR[39m [38;5;3m[RateLimitService] [39m[31mRedis Client Error[39m
[31m[Nest] 1489  - [39m10/13/2025, 5:53:21 PM [31m  ERROR[39m [38;5;3m[RateLimitService] [39m[31mAggregateError[39m
[31m[Nest] 1489  - [39m10/13/2025, 5:53:23 PM [31m  ERROR[39m [38;5;3m[RateLimitService] [39m[31mRedis Client Error[39m
[31m[Nest] 1489  - [39m10/13/2025, 5:53:23 PM [31m  ERROR[39m [38;5;3m[RateLimitService] [39m[31mAggregateError[39m
[31m[Nest] 1489  - [39m10/13/2025, 5:53:25 PM [31m  ERROR[39m [38;5;3m[RateLimitService] [39m[31mRedis Client Error[39m
[31m[Nest] 1489  - [39m10/13/2025, 5:53:25 PM [31m  ERROR[39m [38;5;3m[RateLimitService] [39m[31mAggregateError[39m
[31m[Nest] 1489  - [39m10/13/2025, 5:53:27 PM [31m  ERROR[39m [38;5;3m[RateLimitService] [39m[31mRedis Client Error[39m
[31m[Nest] 1489  - [39m10/13/2025, 5:53:27 PM [31m  ERROR[39m [38;5;3m[RateLimitService] [39m[31mAggregateError[39m
[31m[Nest] 1489  - [39m10/13/2025, 5:53:29 PM [31m  ERROR[39m [38;5;3m[RateLimitService] [39m[31mRedis Client Error[39m
[31m[Nest] 1489  - [39m10/13/2025, 5:53:29 PM [31m  ERROR[39m [38;5;3m[RateLimitService] [39m[31mAggregateError[39m
[31m[Nest] 1489  - [39m10/13/2025, 5:53:31 PM [31m  ERROR[39m [38;5;3m[RateLimitService] [39m[31mRedis Client Error[39m
[31m[Nest] 1489  - [39m10/13/2025, 5:53:31 PM [31m  ERROR[39m [38;5;3m[RateLimitService] [39m[31mAggregateError[39m
[31m[Nest] 1489  - [39m10/13/2025, 5:53:34 PM [31m  ERROR[39m [38;5;3m[RateLimitService] [39m[31mRedis Client Error[39m
[31m[Nest] 1489  - [39m10/13/2025, 5:53:34 PM [31m  ERROR[39m [38;5;3m[RateLimitService] [39m[31mAggregateError[39m
[31m[Nest] 1489  - [39m10/13/2025, 5:53:36 PM [31m  ERROR[39m [38;5;3m[RateLimitService] [39m[31mRedis Client Error[39m
[31m[Nest] 1489  - [39m10/13/2025, 5:53:36 PM [31m  ERROR[39m [38;5;3m[RateLimitService] [39m[31mAggregateError[39m
[31m[Nest] 1489  - [39m10/13/2025, 5:53:38 PM [31m  ERROR[39m [38;5;3m[RateLimitService] [39m[31mRedis Client Error[39m
[31m[Nest] 1489  - [39m10/13/2025, 5:53:38 PM [31m  ERROR[39m [38;5;3m[RateLimitService] [39m[31mAggregateError[39m
[31m[Nest] 1489  - [39m10/13/2025, 5:53:40 PM [31m  ERROR[39m [38;5;3m[RateLimitService] [39m[31mRedis Client Error[39m
[31m[Nest] 1489  - [39m10/13/2025, 5:53:40 PM [31m  ERROR[39m [38;5;3m[RateLimitService] [39m[31mAggregateError[39m
[31m[Nest] 1489  - [39m10/13/2025, 5:53:42 PM [31m  ERROR[39m [38;5;3m[RateLimitService] [39m[31mRedis Client Error[39m
[31m[Nest] 1489  - [39m10/13/2025, 5:53:42 PM [31m  ERROR[39m [38;5;3m[RateLimitService] [39m[31mAggregateError[39m
[31m[Nest] 1489  - [39m10/13/2025, 5:53:44 PM [31m  ERROR[39m [38;5;3m[RateLimitService] [39m[31mRedis Client Error[39m
[31m[Nest] 1489  - [39m10/13/2025, 5:53:44 PM [31m  ERROR[39m [38;5;3m[RateLimitService] [39m[31mAggregateError[39m
[31m[Nest] 1489  - [39m10/13/2025, 5:53:46 PM [31m  ERROR[39m [38;5;3m[RateLimitService] [39m[31mRedis Client Error[39m
[31m[Nest] 1489  - [39m10/13/2025, 5:53:46 PM [31m  ERROR[39m [38;5;3m[RateLimitService] [39m[31mAggregateError[39m
[31m[Nest] 1489  - [39m10/13/2025, 5:53:48 PM [31m  ERROR[39m [38;5;3m[RateLimitService] [39m[31mRedis Client Error[39m
[31m[Nest] 1489  - [39m10/13/2025, 5:53:49 PM [31m  ERROR[39m [38;5;3m[RateLimitService] [39m[31mAggregateError[39m
[31m[Nest] 1489  - [39m10/13/2025, 5:53:51 PM [31m  ERROR[39m [38;5;3m[RateLimitService] [39m[31mRedis Client Error[39m
[31m[Nest] 1489  - [39m10/13/2025, 5:53:51 PM [31m  ERROR[39m [38;5;3m[RateLimitService] [39m[31mAggregateError[39m
[31m[Nest] 1489  - [39m10/13/2025, 5:53:53 PM [31m  ERROR[39m [38;5;3m[RateLimitService] [39m[31mRedis Client Error[39m
[31m[Nest] 1489  - [39m10/13/2025, 5:53:53 PM [31m  ERROR[39m [38;5;3m[RateLimitService] [39m[31mAggregateError[39m
[31m[Nest] 1489  - [39m10/13/2025, 5:53:55 PM [31m  ERROR[39m [38;5;3m[RateLimitService] [39m[31mRedis Client Error[39m
[31m[Nest] 1489  - [39m10/13/2025, 5:53:55 PM [31m  ERROR[39m [38;5;3m[RateLimitService] [39m[31mAggregateError[39m
[31m[Nest] 1489  - [39m10/13/2025, 5:53:57 PM [31m  ERROR[39m [38;5;3m[RateLimitService] [39m[31mRedis Client Error[39m
[31m[Nest] 1489  - [39m10/13/2025, 5:53:57 PM [31m  ERROR[39m [38;5;3m[RateLimitService] [39m[31mAggregateError[39m
[31m[Nest] 1489  - [39m10/13/2025, 5:53:59 PM [31m  ERROR[39m [38;5;3m[RateLimitService] [39m[31mRedis Client Error[39m
[31m[Nest] 1489  - [39m10/13/2025, 5:53:59 PM [31m  ERROR[39m [38;5;3m[RateLimitService] [39m[31mAggregateError[39m
[31m[Nest] 1489  - [39m10/13/2025, 5:54:01 PM [31m  ERROR[39m [38;5;3m[RateLimitService] [39m[31mRedis Client Error[39m
[31m[Nest] 1489  - [39m10/13/2025, 5:54:01 PM [31m  ERROR[39m [38;5;3m[RateLimitService] [39m[31mAggregateError[39m
[31m[Nest] 1489  - [39m10/13/2025, 5:54:03 PM [31m  ERROR[39m [38;5;3m[RateLimitService] [39m[31mRedis Client Error[39m
[31m[Nest] 1489  - [39m10/13/2025, 5:54:03 PM [31m  ERROR[39m [38;5;3m[RateLimitService] [39m[31mAggregateError[39m
[31m[Nest] 1489  - [39m10/13/2025, 5:54:05 PM [31m  ERROR[39m [38;5;3m[RateLimitService] [39m[31mRedis Client Error[39m
[31m[Nest] 1489  - [39m10/13/2025, 5:54:05 PM [31m  ERROR[39m [38;5;3m[RateLimitService] [39m[31mAggregateError[39m
[31m[Nest] 1489  - [39m10/13/2025, 5:54:08 PM [31m  ERROR[39m [38;5;3m[RateLimitService] [39m[31mRedis Client Error[39m
[31m[Nest] 1489  - [39m10/13/2025, 5:54:08 PM [31m  ERROR[39m [38;5;3m[RateLimitService] [39m[31mAggregateError[39m
[31m[Nest] 1489  - [39m10/13/2025, 5:54:10 PM [31m  ERROR[39m [38;5;3m[RateLimitService] [39m[31mRedis Client Error[39m
[31m[Nest] 1489  - [39m10/13/2025, 5:54:10 PM [31m  ERROR[39m [38;5;3m[RateLimitService] [39m[31mAggregateError[39m
[31m[Nest] 1489  - [39m10/13/2025, 5:54:12 PM [31m  ERROR[39m [38;5;3m[RateLimitService] [39m[31mRedis Client Error[39m
[31m[Nest] 1489  - [39m10/13/2025, 5:54:12 PM [31m  ERROR[39m [38;5;3m[RateLimitService] [39m[31mAggregateError[39m
[31m[Nest] 1489  - [39m10/13/2025, 5:54:14 PM [31m  ERROR[39m [38;5;3m[RateLimitService] [39m[31mRedis Client Error[39m
[31m[Nest] 1489  - [39m10/13/2025, 5:54:14 PM [31m  ERROR[39m [38;5;3m[RateLimitService] [39m[31mAggregateError[39m
[31m[Nest] 1489  - [39m10/13/2025, 5:54:16 PM [31m  ERROR[39m [38;5;3m[RateLimitService] [39m[31mRedis Client Error[39m
[31m[Nest] 1489  - [39m10/13/2025, 5:54:16 PM [31m  ERROR[39m [38;5;3m[RateLimitService] [39m[31mAggregateError[39m
[31m[Nest] 1489  - [39m10/13/2025, 5:54:18 PM [31m  ERROR[39m [38;5;3m[RateLimitService] [39m[31mRedis Client Error[39m
[31m[Nest] 1489  - [39m10/13/2025, 5:54:18 PM [31m  ERROR[39m [38;5;3m[RateLimitService] [39m[31mAggregateError[39m
[31m[Nest] 1489  - [39m10/13/2025, 5:54:20 PM [31m  ERROR[39m [38;5;3m[RateLimitService] [39m[31mRedis Client Error[39m
[31m[Nest] 1489  - [39m10/13/2025, 5:54:20 PM [31m  ERROR[39m [38;5;3m[RateLimitService] [39m[31mAggregateError[39m
[31m[Nest] 1489  - [39m10/13/2025, 5:54:22 PM [31m  ERROR[39m [38;5;3m[RateLimitService] [39m[31mRedis Client Error[39m
[31m[Nest] 1489  - [39m10/13/2025, 5:54:22 PM [31m  ERROR[39m [38;5;3m[RateLimitService] [39m[31mAggregateError[39m
[31m[Nest] 1489  - [39m10/13/2025, 5:54:24 PM [31m  ERROR[39m [38;5;3m[RateLimitService] [39m[31mRedis Client Error[39m
[31m[Nest] 1489  - [39m10/13/2025, 5:54:24 PM [31m  ERROR[39m [38;5;3m[RateLimitService] [39m[31mAggregateError[39m
[31m[Nest] 1489  - [39m10/13/2025, 5:54:27 PM [31m  ERROR[39m [38;5;3m[RateLimitService] [39m[31mRedis Client Error[39m
[31m[Nest] 1489  - [39m10/13/2025, 5:54:27 PM [31m  ERROR[39m [38;5;3m[RateLimitService] [39m[31mAggregateError[39m
[31m[Nest] 1489  - [39m10/13/2025, 5:54:29 PM [31m  ERROR[39m [38;5;3m[RateLimitService] [39m[31mRedis Client Error[39m
[31m[Nest] 1489  - [39m10/13/2025, 5:54:29 PM [31m  ERROR[39m [38;5;3m[RateLimitService] [39m[31mAggregateError[39m
[31m[Nest] 1489  - [39m10/13/2025, 5:54:31 PM [31m  ERROR[39m [38;5;3m[RateLimitService] [39m[31mRedis Client Error[39m
[31m[Nest] 1489  - [39m10/13/2025, 5:54:31 PM [31m  ERROR[39m [38;5;3m[RateLimitService] [39m[31mAggregateError[39m
[31m[Nest] 1489  - [39m10/13/2025, 5:54:33 PM [31m  ERROR[39m [38;5;3m[RateLimitService] [39m[31mRedis Client Error[39m
[31m[Nest] 1489  - [39m10/13/2025, 5:54:33 PM [31m  ERROR[39m [38;5;3m[RateLimitService] [39m[31mAggregateError[39m
[31m[Nest] 1489  - [39m10/13/2025, 5:54:35 PM [31m  ERROR[39m [38;5;3m[RateLimitService] [39m[31mRedis Client Error[39m
[31m[Nest] 1489  - [39m10/13/2025, 5:54:35 PM [31m  ERROR[39m [38;5;3m[RateLimitService] [39m[31mAggregateError[39m
[31m[Nest] 1489  - [39m10/13/2025, 5:54:37 PM [31m  ERROR[39m [38;5;3m[RateLimitService] [39m[31mRedis Client Error[39m
[31m[Nest] 1489  - [39m10/13/2025, 5:54:37 PM [31m  ERROR[39m [38;5;3m[RateLimitService] [39m[31mAggregateError[39m
[31m[Nest] 1489  - [39m10/13/2025, 5:54:39 PM [31m  ERROR[39m [38;5;3m[RateLimitService] [39m[31mRedis Client Error[39m
[31m[Nest] 1489  - [39m10/13/2025, 5:54:39 PM [31m  ERROR[39m [38;5;3m[RateLimitService] [39m[31mAggregateError[39m
[31m[Nest] 1489  - [39m10/13/2025, 5:54:41 PM [31m  ERROR[39m [38;5;3m[RateLimitService] [39m[31mRedis Client Error[39m
[31m[Nest] 1489  - [39m10/13/2025, 5:54:41 PM [31m  ERROR[39m [38;5;3m[RateLimitService] [39m[31mAggregateError[39m
[31m[Nest] 1489  - [39m10/13/2025, 5:54:44 PM [31m  ERROR[39m [38;5;3m[RateLimitService] [39m[31mRedis Client Error[39m
[31m[Nest] 1489  - [39m10/13/2025, 5:54:44 PM [31m  ERROR[39m [38;5;3m[RateLimitService] [39m[31mAggregateError[39m
[31m[Nest] 1489  - [39m10/13/2025, 5:54:46 PM [31m  ERROR[39m [38;5;3m[RateLimitService] [39m[31mRedis Client Error[39m
[31m[Nest] 1489  - [39m10/13/2025, 5:54:46 PM [31m  ERROR[39m [38;5;3m[RateLimitService] [39m[31mAggregateError[39m
[31m[Nest] 1489  - [39m10/13/2025, 5:54:48 PM [31m  ERROR[39m [38;5;3m[RateLimitService] [39m[31mRedis Client Error[39m
[31m[Nest] 1489  - [39m10/13/2025, 5:54:48 PM [31m  ERROR[39m [38;5;3m[RateLimitService] [39m[31mAggregateError[39m
[31m[Nest] 1489  - [39m10/13/2025, 5:54:50 PM [31m  ERROR[39m [38;5;3m[RateLimitService] [39m[31mRedis Client Error[39m
[31m[Nest] 1489  - [39m10/13/2025, 5:54:50 PM [31m  ERROR[39m [38;5;3m[RateLimitService] [39m[31mAggregateError[39m
[31m[Nest] 1489  - [39m10/13/2025, 5:54:52 PM [31m  ERROR[39m [38;5;3m[RateLimitService] [39m[31mRedis Client Error[39m
[31m[Nest] 1489  - [39m10/13/2025, 5:54:52 PM [31m  ERROR[39m [38;5;3m[RateLimitService] [39m[31mAggregateError[39m
[31m[Nest] 1489  - [39m10/13/2025, 5:54:54 PM [31m  ERROR[39m [38;5;3m[RateLimitService] [39m[31mRedis Client Error[39m
[31m[Nest] 1489  - [39m10/13/2025, 5:54:54 PM [31m  ERROR[39m [38;5;3m[RateLimitService] [39m[31mAggregateError[39m
[31m[Nest] 1489  - [39m10/13/2025, 5:54:56 PM [31m  ERROR[39m [38;5;3m[RateLimitService] [39m[31mRedis Client Error[39m
[31m[Nest] 1489  - [39m10/13/2025, 5:54:56 PM [31m  ERROR[39m [38;5;3m[RateLimitService] [39m[31mAggregateError[39m
[31m[Nest] 1489  - [39m10/13/2025, 5:54:58 PM [31m  ERROR[39m [38;5;3m[RateLimitService] [39m[31mRedis Client Error[39m
[31m[Nest] 1489  - [39m10/13/2025, 5:54:58 PM [31m  ERROR[39m [38;5;3m[RateLimitService] [39m[31mAggregateError[39m
[31m[Nest] 1489  - [39m10/13/2025, 5:55:00 PM [31m  ERROR[39m [38;5;3m[RateLimitService] [39m[31mRedis Client Error[39m
[31m[Nest] 1489  - [39m10/13/2025, 5:55:00 PM [31m  ERROR[39m [38;5;3m[RateLimitService] [39m[31mAggregateError[39m
[31m[Nest] 1489  - [39m10/13/2025, 5:55:02 PM [31m  ERROR[39m [38;5;3m[RateLimitService] [39m[31mRedis Client Error[39m
[31m[Nest] 1489  - [39m10/13/2025, 5:55:02 PM [31m  ERROR[39m [38;5;3m[RateLimitService] [39m[31mAggregateError[39m
[31m[Nest] 1489  - [39m10/13/2025, 5:55:04 PM [31m  ERROR[39m [38;5;3m[RateLimitService] [39m[31mRedis Client Error[39m
[31m[Nest] 1489  - [39m10/13/2025, 5:55:04 PM [31m  ERROR[39m [38;5;3m[RateLimitService] [39m[31mAggregateError[39m
[31m[Nest] 1489  - [39m10/13/2025, 5:55:07 PM [31m  ERROR[39m [38;5;3m[RateLimitService] [39m[31mRedis Client Error[39m
[31m[Nest] 1489  - [39m10/13/2025, 5:55:07 PM [31m  ERROR[39m [38;5;3m[RateLimitService] [39m[31mAggregateError[39m
[31m[Nest] 1489  - [39m10/13/2025, 5:55:09 PM [31m  ERROR[39m [38;5;3m[RateLimitService] [39m[31mRedis Client Error[39m
[31m[Nest] 1489  - [39m10/13/2025, 5:55:09 PM [31m  ERROR[39m [38;5;3m[RateLimitService] [39m[31mAggregateError[39m
[31m[Nest] 1489  - [39m10/13/2025, 5:55:11 PM [31m  ERROR[39m [38;5;3m[RateLimitService] [39m[31mRedis Client Error[39m
[31m[Nest] 1489  - [39m10/13/2025, 5:55:11 PM [31m  ERROR[39m [38;5;3m[RateLimitService] [39m[31mAggregateError[39m
[31m[Nest] 1489  - [39m10/13/2025, 5:55:13 PM [31m  ERROR[39m [38;5;3m[RateLimitService] [39m[31mRedis Client Error[39m
[31m[Nest] 1489  - [39m10/13/2025, 5:55:13 PM [31m  ERROR[39m [38;5;3m[RateLimitService] [39m[31mAggregateError[39m
[31m[Nest] 1489  - [39m10/13/2025, 5:55:15 PM [31m  ERROR[39m [38;5;3m[RateLimitService] [39m[31mRedis Client Error[39m
[31m[Nest] 1489  - [39m10/13/2025, 5:55:15 PM [31m  ERROR[39m [38;5;3m[RateLimitService] [39m[31mAggregateError[39m
[31m[Nest] 1489  - [39m10/13/2025, 5:55:17 PM [31m  ERROR[39m [38;5;3m[RateLimitService] [39m[31mRedis Client Error[39m
[31m[Nest] 1489  - [39m10/13/2025, 5:55:17 PM [31m  ERROR[39m [38;5;3m[RateLimitService] [39m[31mAggregateError[39m
[31m[Nest] 1489  - [39m10/13/2025, 5:55:19 PM [31m  ERROR[39m [38;5;3m[RateLimitService] [39m[31mRedis Client Error[39m
[31m[Nest] 1489  - [39m10/13/2025, 5:55:19 PM [31m  ERROR[39m [38;5;3m[RateLimitService] [39m[31mAggregateError[39m
[31m[Nest] 1489  - [39m10/13/2025, 5:55:21 PM [31m  ERROR[39m [38;5;3m[RateLimitService] [39m[31mRedis Client Error[39m
[31m[Nest] 1489  - [39m10/13/2025, 5:55:21 PM [31m  ERROR[39m [38;5;3m[RateLimitService] [39m[31mAggregateError[39m
[31m[Nest] 1489  - [39m10/13/2025, 5:55:24 PM [31m  ERROR[39m [38;5;3m[RateLimitService] [39m[31mRedis Client Error[39m
[31m[Nest] 1489  - [39m10/13/2025, 5:55:24 PM [31m  ERROR[39m [38;5;3m[RateLimitService] [39m[31mAggregateError[39m
[31m[Nest] 1489  - [39m10/13/2025, 5:55:26 PM [31m  ERROR[39m [38;5;3m[RateLimitService] [39m[31mRedis Client Error[39m
[31m[Nest] 1489  - [39m10/13/2025, 5:55:26 PM [31m  ERROR[39m [38;5;3m[RateLimitService] [39m[31mAggregateError[39m
[31m[Nest] 1489  - [39m10/13/2025, 5:55:28 PM [31m  ERROR[39m [38;5;3m[RateLimitService] [39m[31mRedis Client Error[39m
[31m[Nest] 1489  - [39m10/13/2025, 5:55:28 PM [31m  ERROR[39m [38;5;3m[RateLimitService] [39m[31mAggregateError[39m
[31m[Nest] 1489  - [39m10/13/2025, 5:55:30 PM [31m  ERROR[39m [38;5;3m[RateLimitService] [39m[31mRedis Client Error[39m
[31m[Nest] 1489  - [39m10/13/2025, 5:55:30 PM [31m  ERROR[39m [38;5;3m[RateLimitService] [39m[31mAggregateError[39m
[31m[Nest] 1489  - [39m10/13/2025, 5:55:32 PM [31m  ERROR[39m [38;5;3m[RateLimitService] [39m[31mRedis Client Error[39m
[31m[Nest] 1489  - [39m10/13/2025, 5:55:32 PM [31m  ERROR[39m [38;5;3m[RateLimitService] [39m[31mAggregateError[39m
[31m[Nest] 1489  - [39m10/13/2025, 5:55:34 PM [31m  ERROR[39m [38;5;3m[RateLimitService] [39m[31mRedis Client Error[39m
[31m[Nest] 1489  - [39m10/13/2025, 5:55:34 PM [31m  ERROR[39m [38;5;3m[RateLimitService] [39m[31mAggregateError[39m
[31m[Nest] 1489  - [39m10/13/2025, 5:55:36 PM [31m  ERROR[39m [38;5;3m[RateLimitService] [39m[31mRedis Client Error[39m
[31m[Nest] 1489  - [39m10/13/2025, 5:55:36 PM [31m  ERROR[39m [38;5;3m[RateLimitService] [39m[31mAggregateError[39m
[31m[Nest] 1489  - [39m10/13/2025, 5:55:38 PM [31m  ERROR[39m [38;5;3m[RateLimitService] [39m[31mRedis Client Error[39m
[31m[Nest] 1489  - [39m10/13/2025, 5:55:38 PM [31m  ERROR[39m [38;5;3m[RateLimitService] [39m[31mAggregateError[39m
[31m[Nest] 1489  - [39m10/13/2025, 5:55:40 PM [31m  ERROR[39m [38;5;3m[RateLimitService] [39m[31mRedis Client Error[39m
[31m[Nest] 1489  - [39m10/13/2025, 5:55:40 PM [31m  ERROR[39m [38;5;3m[RateLimitService] [39m[31mAggregateError[39m
[31m[Nest] 1489  - [39m10/13/2025, 5:55:42 PM [31m  ERROR[39m [38;5;3m[RateLimitService] [39m[31mRedis Client Error[39m
[31m[Nest] 1489  - [39m10/13/2025, 5:55:42 PM [31m  ERROR[39m [38;5;3m[RateLimitService] [39m[31mAggregateError[39m
[31m[Nest] 1489  - [39m10/13/2025, 5:55:44 PM [31m  ERROR[39m [38;5;3m[RateLimitService] [39m[31mRedis Client Error[39m
[31m[Nest] 1489  - [39m10/13/2025, 5:55:44 PM [31m  ERROR[39m [38;5;3m[RateLimitService] [39m[31mAggregateError[39m
[31m[Nest] 1489  - [39m10/13/2025, 5:55:47 PM [31m  ERROR[39m [38;5;3m[RateLimitService] [39m[31mRedis Client Error[39m
[31m[Nest] 1489  - [39m10/13/2025, 5:55:47 PM [31m  ERROR[39m [38;5;3m[RateLimitService] [39m[31mAggregateError[39m
[31m[Nest] 1489  - [39m10/13/2025, 5:55:49 PM [31m  ERROR[39m [38;5;3m[RateLimitService] [39m[31mRedis Client Error[39m
[31m[Nest] 1489  - [39m10/13/2025, 5:55:49 PM [31m  ERROR[39m [38;5;3m[RateLimitService] [39m[31mAggregateError[39m
[31m[Nest] 1489  - [39m10/13/2025, 5:55:51 PM [31m  ERROR[39m [38;5;3m[RateLimitService] [39m[31mRedis Client Error[39m
[31m[Nest] 1489  - [39m10/13/2025, 5:55:51 PM [31m  ERROR[39m [38;5;3m[RateLimitService] [39m[31mAggregateError[39m
[31m[Nest] 1489  - [39m10/13/2025, 5:55:53 PM [31m  ERROR[39m [38;5;3m[RateLimitService] [39m[31mRedis Client Error[39m
[31m[Nest] 1489  - [39m10/13/2025, 5:55:53 PM [31m  ERROR[39m [38;5;3m[RateLimitService] [39m[31mAggregateError[39m
[31m[Nest] 1489  - [39m10/13/2025, 5:55:55 PM [31m  ERROR[39m [38;5;3m[RateLimitService] [39m[31mRedis Client Error[39m
[31m[Nest] 1489  - [39m10/13/2025, 5:55:55 PM [31m  ERROR[39m [38;5;3m[RateLimitService] [39m[31mAggregateError[39m
[31m[Nest] 1489  - [39m10/13/2025, 5:55:57 PM [31m  ERROR[39m [38;5;3m[RateLimitService] [39m[31mRedis Client Error[39m
[31m[Nest] 1489  - [39m10/13/2025, 5:55:57 PM [31m  ERROR[39m [38;5;3m[RateLimitService] [39m[31mAggregateError[39m
[31m[Nest] 1489  - [39m10/13/2025, 5:55:59 PM [31m  ERROR[39m [38;5;3m[RateLimitService] [39m[31mRedis Client Error[39m
[31m[Nest] 1489  - [39m10/13/2025, 5:55:59 PM [31m  ERROR[39m [38;5;3m[RateLimitService] [39m[31mAggregateError[39m
[31m[Nest] 1489  - [39m10/13/2025, 5:56:01 PM [31m  ERROR[39m [38;5;3m[RateLimitService] [39m[31mRedis Client Error[39m
[31m[Nest] 1489  - [39m10/13/2025, 5:56:01 PM [31m  ERROR[39m [38;5;3m[RateLimitService] [39m[31mAggregateError[39m
[31m[Nest] 1489  - [39m10/13/2025, 5:56:04 PM [31m  ERROR[39m [38;5;3m[RateLimitService] [39m[31mRedis Client Error[39m
[31m[Nest] 1489  - [39m10/13/2025, 5:56:04 PM [31m  ERROR[39m [38;5;3m[RateLimitService] [39m[31mAggregateError[39m
[31m[Nest] 1489  - [39m10/13/2025, 5:56:06 PM [31m  ERROR[39m [38;5;3m[RateLimitService] [39m[31mRedis Client Error[39m
[31m[Nest] 1489  - [39m10/13/2025, 5:56:06 PM [31m  ERROR[39m [38;5;3m[RateLimitService] [39m[31mAggregateError[39m
[31m[Nest] 1489  - [39m10/13/2025, 5:56:08 PM [31m  ERROR[39m [38;5;3m[RateLimitService] [39m[31mRedis Client Error[39m
[31m[Nest] 1489  - [39m10/13/2025, 5:56:08 PM [31m  ERROR[39m [38;5;3m[RateLimitService] [39m[31mAggregateError[39m
[31m[Nest] 1489  - [39m10/13/2025, 5:56:10 PM [31m  ERROR[39m [38;5;3m[RateLimitService] [39m[31mRedis Client Error[39m
[31m[Nest] 1489  - [39m10/13/2025, 5:56:10 PM [31m  ERROR[39m [38;5;3m[RateLimitService] [39m[31mAggregateError[39m
[31m[Nest] 1489  - [39m10/13/2025, 5:56:12 PM [31m  ERROR[39m [38;5;3m[RateLimitService] [39m[31mRedis Client Error[39m
[31m[Nest] 1489  - [39m10/13/2025, 5:56:12 PM [31m  ERROR[39m [38;5;3m[RateLimitService] [39m[31mAggregateError[39m
[31m[Nest] 1489  - [39m10/13/2025, 5:56:14 PM [31m  ERROR[39m [38;5;3m[RateLimitService] [39m[31mRedis Client Error[39m
[31m[Nest] 1489  - [39m10/13/2025, 5:56:14 PM [31m  ERROR[39m [38;5;3m[RateLimitService] [39m[31mAggregateError[39m
[31m[Nest] 1489  - [39m10/13/2025, 5:56:16 PM [31m  ERROR[39m [38;5;3m[RateLimitService] [39m[31mRedis Client Error[39m
[31m[Nest] 1489  - [39m10/13/2025, 5:56:16 PM [31m  ERROR[39m [38;5;3m[RateLimitService] [39m[31mAggregateError[39m
[31m[Nest] 1489  - [39m10/13/2025, 5:56:18 PM [31m  ERROR[39m [38;5;3m[RateLimitService] [39m[31mRedis Client Error[39m
[31m[Nest] 1489  - [39m10/13/2025, 5:56:18 PM [31m  ERROR[39m [38;5;3m[RateLimitService] [39m[31mAggregateError[39m
[31m[Nest] 1489  - [39m10/13/2025, 5:56:20 PM [31m  ERROR[39m [38;5;3m[RateLimitService] [39m[31mRedis Client Error[39m
[31m[Nest] 1489  - [39m10/13/2025, 5:56:20 PM [31m  ERROR[39m [38;5;3m[RateLimitService] [39m[31mAggregateError[39m
[31m[Nest] 1489  - [39m10/13/2025, 5:56:22 PM [31m  ERROR[39m [38;5;3m[RateLimitService] [39m[31mRedis Client Error[39m
[31m[Nest] 1489  - [39m10/13/2025, 5:56:22 PM [31m  ERROR[39m [38;5;3m[RateLimitService] [39m[31mAggregateError[39m
[31m[Nest] 1489  - [39m10/13/2025, 5:56:25 PM [31m  ERROR[39m [38;5;3m[RateLimitService] [39m[31mRedis Client Error[39m
[31m[Nest] 1489  - [39m10/13/2025, 5:56:25 PM [31m  ERROR[39m [38;5;3m[RateLimitService] [39m[31mAggregateError[39m
[31m[Nest] 1489  - [39m10/13/2025, 5:56:27 PM [31m  ERROR[39m [38;5;3m[RateLimitService] [39m[31mRedis Client Error[39m
[31m[Nest] 1489  - [39m10/13/2025, 5:56:27 PM [31m  ERROR[39m [38;5;3m[RateLimitService] [39m[31mAggregateError[39m
[31m[Nest] 1489  - [39m10/13/2025, 5:56:29 PM [31m  ERROR[39m [38;5;3m[RateLimitService] [39m[31mRedis Client Error[39m
[31m[Nest] 1489  - [39m10/13/2025, 5:56:29 PM [31m  ERROR[39m [38;5;3m[RateLimitService] [39m[31mAggregateError[39m
[31m[Nest] 1489  - [39m10/13/2025, 5:56:31 PM [31m  ERROR[39m [38;5;3m[RateLimitService] [39m[31mRedis Client Error[39m
[31m[Nest] 1489  - [39m10/13/2025, 5:56:31 PM [31m  ERROR[39m [38;5;3m[RateLimitService] [39m[31mAggregateError[39m
[31m[Nest] 1489  - [39m10/13/2025, 5:56:33 PM [31m  ERROR[39m [38;5;3m[RateLimitService] [39m[31mRedis Client Error[39m
[31m[Nest] 1489  - [39m10/13/2025, 5:56:33 PM [31m  ERROR[39m [38;5;3m[RateLimitService] [39m[31mAggregateError[39m
[31m[Nest] 1489  - [39m10/13/2025, 5:56:35 PM [31m  ERROR[39m [38;5;3m[RateLimitService] [39m[31mRedis Client Error[39m
[31m[Nest] 1489  - [39m10/13/2025, 5:56:35 PM [31m  ERROR[39m [38;5;3m[RateLimitService] [39m[31mAggregateError[39m
[31m[Nest] 1489  - [39m10/13/2025, 5:56:37 PM [31m  ERROR[39m [38;5;3m[RateLimitService] [39m[31mRedis Client Error[39m
[31m[Nest] 1489  - [39m10/13/2025, 5:56:37 PM [31m  ERROR[39m [38;5;3m[RateLimitService] [39m[31mAggregateError[39m
[31m[Nest] 1489  - [39m10/13/2025, 5:56:39 PM [31m  ERROR[39m [38;5;3m[RateLimitService] [39m[31mRedis Client Error[39m
[31m[Nest] 1489  - [39m10/13/2025, 5:56:39 PM [31m  ERROR[39m [38;5;3m[RateLimitService] [39m[31mAggregateError[39m
[31m[Nest] 1489  - [39m10/13/2025, 5:56:42 PM [31m  ERROR[39m [38;5;3m[RateLimitService] [39m[31mRedis Client Error[39m
[31m[Nest] 1489  - [39m10/13/2025, 5:56:42 PM [31m  ERROR[39m [38;5;3m[RateLimitService] [39m[31mAggregateError[39m
[31m[Nest] 1489  - [39m10/13/2025, 5:56:44 PM [31m  ERROR[39m [38;5;3m[RateLimitService] [39m[31mRedis Client Error[39m
[31m[Nest] 1489  - [39m10/13/2025, 5:56:44 PM [31m  ERROR[39m [38;5;3m[RateLimitService] [39m[31mAggregateError[39m
[31m[Nest] 1489  - [39m10/13/2025, 5:56:46 PM [31m  ERROR[39m [38;5;3m[RateLimitService] [39m[31mRedis Client Error[39m
[31m[Nest] 1489  - [39m10/13/2025, 5:56:46 PM [31m  ERROR[39m [38;5;3m[RateLimitService] [39m[31mAggregateError[39m
[31m[Nest] 1489  - [39m10/13/2025, 5:56:48 PM [31m  ERROR[39m [38;5;3m[RateLimitService] [39m[31mRedis Client Error[39m
[31m[Nest] 1489  - [39m10/13/2025, 5:56:48 PM [31m  ERROR[39m [38;5;3m[RateLimitService] [39m[31mAggregateError[39m
[31m[Nest] 1489  - [39m10/13/2025, 5:56:50 PM [31m  ERROR[39m [38;5;3m[RateLimitService] [39m[31mRedis Client Error[39m
[31m[Nest] 1489  - [39m10/13/2025, 5:56:50 PM [31m  ERROR[39m [38;5;3m[RateLimitService] [39m[31mAggregateError[39m
[31m[Nest] 1489  - [39m10/13/2025, 5:56:52 PM [31m  ERROR[39m [38;5;3m[RateLimitService] [39m[31mRedis Client Error[39m
[31m[Nest] 1489  - [39m10/13/2025, 5:56:52 PM [31m  ERROR[39m [38;5;3m[RateLimitService] [39m[31mAggregateError[39m
[31m[Nest] 1489  - [39m10/13/2025, 5:56:54 PM [31m  ERROR[39m [38;5;3m[RateLimitService] [39m[31mRedis Client Error[39m
[31m[Nest] 1489  - [39m10/13/2025, 5:56:54 PM [31m  ERROR[39m [38;5;3m[RateLimitService] [39m[31mAggregateError[39m
[31m[Nest] 1489  - [39m10/13/2025, 5:56:56 PM [31m  ERROR[39m [38;5;3m[RateLimitService] [39m[31mRedis Client Error[39m
[31m[Nest] 1489  - [39m10/13/2025, 5:56:56 PM [31m  ERROR[39m [38;5;3m[RateLimitService] [39m[31mAggregateError[39m
[31m[Nest] 1489  - [39m10/13/2025, 5:56:58 PM [31m  ERROR[39m [38;5;3m[RateLimitService] [39m[31mRedis Client Error[39m
[31m[Nest] 1489  - [39m10/13/2025, 5:56:58 PM [31m  ERROR[39m [38;5;3m[RateLimitService] [39m[31mAggregateError[39m
[31m[Nest] 1489  - [39m10/13/2025, 5:57:01 PM [31m  ERROR[39m [38;5;3m[RateLimitService] [39m[31mRedis Client Error[39m
[31m[Nest] 1489  - [39m10/13/2025, 5:57:01 PM [31m  ERROR[39m [38;5;3m[RateLimitService] [39m[31mAggregateError[39m
[31m[Nest] 1489  - [39m10/13/2025, 5:57:03 PM [31m  ERROR[39m [38;5;3m[RateLimitService] [39m[31mRedis Client Error[39m
[31m[Nest] 1489  - [39m10/13/2025, 5:57:03 PM [31m  ERROR[39m [38;5;3m[RateLimitService] [39m[31mAggregateError[39m
[31m[Nest] 1489  - [39m10/13/2025, 5:57:05 PM [31m  ERROR[39m [38;5;3m[RateLimitService] [39m[31mRedis Client Error[39m
[31m[Nest] 1489  - [39m10/13/2025, 5:57:05 PM [31m  ERROR[39m [38;5;3m[RateLimitService] [39m[31mAggregateError[39m
[31m[Nest] 1489  - [39m10/13/2025, 5:57:07 PM [31m  ERROR[39m [38;5;3m[RateLimitService] [39m[31mRedis Client Error[39m
[31m[Nest] 1489  - [39m10/13/2025, 5:57:07 PM [31m  ERROR[39m [38;5;3m[RateLimitService] [39m[31mAggregateError[39m
[31m[Nest] 1489  - [39m10/13/2025, 5:57:09 PM [31m  ERROR[39m [38;5;3m[RateLimitService] [39m[31mRedis Client Error[39m
[31m[Nest] 1489  - [39m10/13/2025, 5:57:09 PM [31m  ERROR[39m [38;5;3m[RateLimitService] [39m[31mAggregateError[39m
[31m[Nest] 1489  - [39m10/13/2025, 5:57:11 PM [31m  ERROR[39m [38;5;3m[RateLimitService] [39m[31mRedis Client Error[39m
[31m[Nest] 1489  - [39m10/13/2025, 5:57:11 PM [31m  ERROR[39m [38;5;3m[RateLimitService] [39m[31mAggregateError[39m
[31m[Nest] 1489  - [39m10/13/2025, 5:57:13 PM [31m  ERROR[39m [38;5;3m[RateLimitService] [39m[31mRedis Client Error[39m
[31m[Nest] 1489  - [39m10/13/2025, 5:57:13 PM [31m  ERROR[39m [38;5;3m[RateLimitService] [39m[31mAggregateError[39m
[31m[Nest] 1489  - [39m10/13/2025, 5:57:15 PM [31m  ERROR[39m [38;5;3m[RateLimitService] [39m[31mRedis Client Error[39m
[31m[Nest] 1489  - [39m10/13/2025, 5:57:15 PM [31m  ERROR[39m [38;5;3m[RateLimitService] [39m[31mAggregateError[39m
[31m[Nest] 1489  - [39m10/13/2025, 5:57:17 PM [31m  ERROR[39m [38;5;3m[RateLimitService] [39m[31mRedis Client Error[39m
[31m[Nest] 1489  - [39m10/13/2025, 5:57:17 PM [31m  ERROR[39m [38;5;3m[RateLimitService] [39m[31mAggregateError[39m
[31m[Nest] 1489  - [39m10/13/2025, 5:57:19 PM [31m  ERROR[39m [38;5;3m[RateLimitService] [39m[31mRedis Client Error[39m
[31m[Nest] 1489  - [39m10/13/2025, 5:57:19 PM [31m  ERROR[39m [38;5;3m[RateLimitService] [39m[31mAggregateError[39m
[31m[Nest] 1489  - [39m10/13/2025, 5:57:21 PM [31m  ERROR[39m [38;5;3m[RateLimitService] [39m[31mRedis Client Error[39m
[31m[Nest] 1489  - [39m10/13/2025, 5:57:21 PM [31m  ERROR[39m [38;5;3m[RateLimitService] [39m[31mAggregateError[39m
[31m[Nest] 1489  - [39m10/13/2025, 5:57:24 PM [31m  ERROR[39m [38;5;3m[RateLimitService] [39m[31mRedis Client Error[39m
[31m[Nest] 1489  - [39m10/13/2025, 5:57:24 PM [31m  ERROR[39m [38;5;3m[RateLimitService] [39m[31mAggregateError[39m
[31m[Nest] 1489  - [39m10/13/2025, 5:57:26 PM [31m  ERROR[39m [38;5;3m[RateLimitService] [39m[31mRedis Client Error[39m
[31m[Nest] 1489  - [39m10/13/2025, 5:57:26 PM [31m  ERROR[39m [38;5;3m[RateLimitService] [39m[31mAggregateError[39m
[31m[Nest] 1489  - [39m10/13/2025, 5:57:28 PM [31m  ERROR[39m [38;5;3m[RateLimitService] [39m[31mRedis Client Error[39m
[31m[Nest] 1489  - [39m10/13/2025, 5:57:28 PM [31m  ERROR[39m [38;5;3m[RateLimitService] [39m[31mAggregateError[39m
[31m[Nest] 1489  - [39m10/13/2025, 5:57:30 PM [31m  ERROR[39m [38;5;3m[RateLimitService] [39m[31mRedis Client Error[39m
[31m[Nest] 1489  - [39m10/13/2025, 5:57:30 PM [31m  ERROR[39m [38;5;3m[RateLimitService] [39m[31mAggregateError[39m
[31m[Nest] 1489  - [39m10/13/2025, 5:57:32 PM [31m  ERROR[39m [38;5;3m[RateLimitService] [39m[31mRedis Client Error[39m
[31m[Nest] 1489  - [39m10/13/2025, 5:57:32 PM [31m  ERROR[39m [38;5;3m[RateLimitService] [39m[31mAggregateError[39m
[31m[Nest] 1489  - [39m10/13/2025, 5:57:34 PM [31m  ERROR[39m [38;5;3m[RateLimitService] [39m[31mRedis Client Error[39m
[31m[Nest] 1489  - [39m10/13/2025, 5:57:34 PM [31m  ERROR[39m [38;5;3m[RateLimitService] [39m[31mAggregateError[39m
[31m[Nest] 1489  - [39m10/13/2025, 5:57:36 PM [31m  ERROR[39m [38;5;3m[RateLimitService] [39m[31mRedis Client Error[39m
[31m[Nest] 1489  - [39m10/13/2025, 5:57:36 PM [31m  ERROR[39m [38;5;3m[RateLimitService] [39m[31mAggregateError[39m
[31m[Nest] 1489  - [39m10/13/2025, 5:57:38 PM [31m  ERROR[39m [38;5;3m[RateLimitService] [39m[31mRedis Client Error[39m
[31m[Nest] 1489  - [39m10/13/2025, 5:57:38 PM [31m  ERROR[39m [38;5;3m[RateLimitService] [39m[31mAggregateError[39m
[31m[Nest] 1489  - [39m10/13/2025, 5:57:40 PM [31m  ERROR[39m [38;5;3m[RateLimitService] [39m[31mRedis Client Error[39m
[31m[Nest] 1489  - [39m10/13/2025, 5:57:40 PM [31m  ERROR[39m [38;5;3m[RateLimitService] [39m[31mAggregateError[39m
[31m[Nest] 1489  - [39m10/13/2025, 5:57:42 PM [31m  ERROR[39m [38;5;3m[RateLimitService] [39m[31mRedis Client Error[39m
[31m[Nest] 1489  - [39m10/13/2025, 5:57:42 PM [31m  ERROR[39m [38;5;3m[RateLimitService] [39m[31mAggregateError[39m
[31m[Nest] 1489  - [39m10/13/2025, 5:57:45 PM [31m  ERROR[39m [38;5;3m[RateLimitService] [39m[31mRedis Client Error[39m
[31m[Nest] 1489  - [39m10/13/2025, 5:57:45 PM [31m  ERROR[39m [38;5;3m[RateLimitService] [39m[31mAggregateError[39m
[31m[Nest] 1489  - [39m10/13/2025, 5:57:47 PM [31m  ERROR[39m [38;5;3m[RateLimitService] [39m[31mRedis Client Error[39m
[31m[Nest] 1489  - [39m10/13/2025, 5:57:47 PM [31m  ERROR[39m [38;5;3m[RateLimitService] [39m[31mAggregateError[39m
[31m[Nest] 1489  - [39m10/13/2025, 5:57:49 PM [31m  ERROR[39m [38;5;3m[RateLimitService] [39m[31mRedis Client Error[39m
[31m[Nest] 1489  - [39m10/13/2025, 5:57:49 PM [31m  ERROR[39m [38;5;3m[RateLimitService] [39m[31mAggregateError[39m
[31m[Nest] 1489  - [39m10/13/2025, 5:57:51 PM [31m  ERROR[39m [38;5;3m[RateLimitService] [39m[31mRedis Client Error[39m
[31m[Nest] 1489  - [39m10/13/2025, 5:57:51 PM [31m  ERROR[39m [38;5;3m[RateLimitService] [39m[31mAggregateError[39m
[31m[Nest] 1489  - [39m10/13/2025, 5:57:53 PM [31m  ERROR[39m [38;5;3m[RateLimitService] [39m[31mRedis Client Error[39m
[31m[Nest] 1489  - [39m10/13/2025, 5:57:53 PM [31m  ERROR[39m [38;5;3m[RateLimitService] [39m[31mAggregateError[39m
[31m[Nest] 1489  - [39m10/13/2025, 5:57:55 PM [31m  ERROR[39m [38;5;3m[RateLimitService] [39m[31mRedis Client Error[39m
[31m[Nest] 1489  - [39m10/13/2025, 5:57:55 PM [31m  ERROR[39m [38;5;3m[RateLimitService] [39m[31mAggregateError[39m
[31m[Nest] 1489  - [39m10/13/2025, 5:57:57 PM [31m  ERROR[39m [38;5;3m[RateLimitService] [39m[31mRedis Client Error[39m
[31m[Nest] 1489  - [39m10/13/2025, 5:57:57 PM [31m  ERROR[39m [38;5;3m[RateLimitService] [39m[31mAggregateError[39m
[31m[Nest] 1489  - [39m10/13/2025, 5:57:59 PM [31m  ERROR[39m [38;5;3m[RateLimitService] [39m[31mRedis Client Error[39m
[31m[Nest] 1489  - [39m10/13/2025, 5:57:59 PM [31m  ERROR[39m [38;5;3m[RateLimitService] [39m[31mAggregateError[39m
[31m[Nest] 1489  - [39m10/13/2025, 5:58:01 PM [31m  ERROR[39m [38;5;3m[RateLimitService] [39m[31mRedis Client Error[39m
[31m[Nest] 1489  - [39m10/13/2025, 5:58:01 PM [31m  ERROR[39m [38;5;3m[RateLimitService] [39m[31mAggregateError[39m
[31m[Nest] 1489  - [39m10/13/2025, 5:58:03 PM [31m  ERROR[39m [38;5;3m[RateLimitService] [39m[31mRedis Client Error[39m
[31m[Nest] 1489  - [39m10/13/2025, 5:58:03 PM [31m  ERROR[39m [38;5;3m[RateLimitService] [39m[31mAggregateError[39m
[31m[Nest] 1489  - [39m10/13/2025, 5:58:05 PM [31m  ERROR[39m [38;5;3m[RateLimitService] [39m[31mRedis Client Error[39m
[31m[Nest] 1489  - [39m10/13/2025, 5:58:05 PM [31m  ERROR[39m [38;5;3m[RateLimitService] [39m[31mAggregateError[39m
[31m[Nest] 1489  - [39m10/13/2025, 5:58:08 PM [31m  ERROR[39m [38;5;3m[RateLimitService] [39m[31mRedis Client Error[39m
[31m[Nest] 1489  - [39m10/13/2025, 5:58:08 PM [31m  ERROR[39m [38;5;3m[RateLimitService] [39m[31mAggregateError[39m
[31m[Nest] 1489  - [39m10/13/2025, 5:58:10 PM [31m  ERROR[39m [38;5;3m[RateLimitService] [39m[31mRedis Client Error[39m
[31m[Nest] 1489  - [39m10/13/2025, 5:58:10 PM [31m  ERROR[39m [38;5;3m[RateLimitService] [39m[31mAggregateError[39m
[31m[Nest] 1489  - [39m10/13/2025, 5:58:12 PM [31m  ERROR[39m [38;5;3m[RateLimitService] [39m[31mRedis Client Error[39m
[31m[Nest] 1489  - [39m10/13/2025, 5:58:12 PM [31m  ERROR[39m [38;5;3m[RateLimitService] [39m[31mAggregateError[39m
[31m[Nest] 1489  - [39m10/13/2025, 5:58:14 PM [31m  ERROR[39m [38;5;3m[RateLimitService] [39m[31mRedis Client Error[39m
[31m[Nest] 1489  - [39m10/13/2025, 5:58:14 PM [31m  ERROR[39m [38;5;3m[RateLimitService] [39m[31mAggregateError[39m
[31m[Nest] 1489  - [39m10/13/2025, 5:58:16 PM [31m  ERROR[39m [38;5;3m[RateLimitService] [39m[31mRedis Client Error[39m
[31m[Nest] 1489  - [39m10/13/2025, 5:58:16 PM [31m  ERROR[39m [38;5;3m[RateLimitService] [39m[31mAggregateError[39m
[31m[Nest] 1489  - [39m10/13/2025, 5:58:18 PM [31m  ERROR[39m [38;5;3m[RateLimitService] [39m[31mRedis Client Error[39m
[31m[Nest] 1489  - [39m10/13/2025, 5:58:18 PM [31m  ERROR[39m [38;5;3m[RateLimitService] [39m[31mAggregateError[39m
